{"C:\\Users\\kshit\\Documents\\task-manager-app\\backend\\controllers\\authController.js": {"path":"C:\\Users\\kshit\\Documents\\task-manager-app\\backend\\controllers\\authController.js","statementMap":{"0":{"start":{"line":1,"column":13},"end":{"line":1,"column":38}},"1":{"start":{"line":2,"column":12},"end":{"line":2,"column":35}},"2":{"start":{"line":3,"column":15},"end":{"line":3,"column":34}},"3":{"start":{"line":8,"column":17},"end":{"line":45,"column":1}},"4":{"start":{"line":9,"column":38},"end":{"line":9,"column":46}},"5":{"start":{"line":11,"column":4},"end":{"line":44,"column":5}},"6":{"start":{"line":12,"column":19},"end":{"line":12,"column":48}},"7":{"start":{"line":13,"column":8},"end":{"line":15,"column":9}},"8":{"start":{"line":14,"column":12},"end":{"line":14,"column":72}},"9":{"start":{"line":17,"column":8},"end":{"line":21,"column":11}},"10":{"start":{"line":23,"column":8},"end":{"line":23,"column":26}},"11":{"start":{"line":25,"column":24},"end":{"line":30,"column":9}},"12":{"start":{"line":32,"column":8},"end":{"line":40,"column":10}},"13":{"start":{"line":37,"column":16},"end":{"line":37,"column":35}},"14":{"start":{"line":37,"column":25},"end":{"line":37,"column":35}},"15":{"start":{"line":38,"column":16},"end":{"line":38,"column":48}},"16":{"start":{"line":42,"column":8},"end":{"line":42,"column":35}},"17":{"start":{"line":43,"column":8},"end":{"line":43,"column":45}},"18":{"start":{"line":50,"column":14},"end":{"line":87,"column":1}},"19":{"start":{"line":51,"column":32},"end":{"line":51,"column":40}},"20":{"start":{"line":53,"column":4},"end":{"line":86,"column":5}},"21":{"start":{"line":55,"column":21},"end":{"line":55,"column":70}},"22":{"start":{"line":56,"column":8},"end":{"line":58,"column":9}},"23":{"start":{"line":57,"column":12},"end":{"line":57,"column":72}},"24":{"start":{"line":61,"column":24},"end":{"line":61,"column":69}},"25":{"start":{"line":62,"column":8},"end":{"line":64,"column":9}},"26":{"start":{"line":63,"column":12},"end":{"line":63,"column":72}},"27":{"start":{"line":67,"column":24},"end":{"line":72,"column":9}},"28":{"start":{"line":74,"column":8},"end":{"line":82,"column":10}},"29":{"start":{"line":79,"column":16},"end":{"line":79,"column":35}},"30":{"start":{"line":79,"column":25},"end":{"line":79,"column":35}},"31":{"start":{"line":80,"column":16},"end":{"line":80,"column":36}},"32":{"start":{"line":84,"column":8},"end":{"line":84,"column":35}},"33":{"start":{"line":85,"column":8},"end":{"line":85,"column":45}},"34":{"start":{"line":89,"column":0},"end":{"line":92,"column":2}}},"fnMap":{"0":{"name":"(anonymous_0)","decl":{"start":{"line":8,"column":17},"end":{"line":8,"column":18}},"loc":{"start":{"line":8,"column":37},"end":{"line":45,"column":1}},"line":8},"1":{"name":"(anonymous_1)","decl":{"start":{"line":36,"column":12},"end":{"line":36,"column":13}},"loc":{"start":{"line":36,"column":28},"end":{"line":39,"column":13}},"line":36},"2":{"name":"(anonymous_2)","decl":{"start":{"line":50,"column":14},"end":{"line":50,"column":15}},"loc":{"start":{"line":50,"column":34},"end":{"line":87,"column":1}},"line":50},"3":{"name":"(anonymous_3)","decl":{"start":{"line":78,"column":12},"end":{"line":78,"column":13}},"loc":{"start":{"line":78,"column":28},"end":{"line":81,"column":13}},"line":78}},"branchMap":{"0":{"loc":{"start":{"line":13,"column":8},"end":{"line":15,"column":9}},"type":"if","locations":[{"start":{"line":13,"column":8},"end":{"line":15,"column":9}},{"start":{},"end":{}}],"line":13},"1":{"loc":{"start":{"line":37,"column":16},"end":{"line":37,"column":35}},"type":"if","locations":[{"start":{"line":37,"column":16},"end":{"line":37,"column":35}},{"start":{},"end":{}}],"line":37},"2":{"loc":{"start":{"line":56,"column":8},"end":{"line":58,"column":9}},"type":"if","locations":[{"start":{"line":56,"column":8},"end":{"line":58,"column":9}},{"start":{},"end":{}}],"line":56},"3":{"loc":{"start":{"line":62,"column":8},"end":{"line":64,"column":9}},"type":"if","locations":[{"start":{"line":62,"column":8},"end":{"line":64,"column":9}},{"start":{},"end":{}}],"line":62},"4":{"loc":{"start":{"line":79,"column":16},"end":{"line":79,"column":35}},"type":"if","locations":[{"start":{"line":79,"column":16},"end":{"line":79,"column":35}},{"start":{},"end":{}}],"line":79}},"s":{"0":1,"1":1,"2":1,"3":1,"4":5,"5":5,"6":5,"7":5,"8":1,"9":4,"10":4,"11":4,"12":4,"13":4,"14":0,"15":4,"16":0,"17":0,"18":1,"19":3,"20":3,"21":3,"22":3,"23":1,"24":2,"25":2,"26":1,"27":1,"28":1,"29":1,"30":0,"31":1,"32":0,"33":0,"34":1},"f":{"0":5,"1":4,"2":3,"3":1},"b":{"0":[1,4],"1":[0,4],"2":[1,2],"3":[1,1],"4":[0,1]},"_coverageSchema":"1a1c01bbd47fc00a2c39e90264f33305004495a9","hash":"c7fab2b461b730df5ec24d3d19f50fce1a069473"}
,"C:\\Users\\kshit\\Documents\\task-manager-app\\backend\\controllers\\taskController.js": {"path":"C:\\Users\\kshit\\Documents\\task-manager-app\\backend\\controllers\\taskController.js","statementMap":{"0":{"start":{"line":1,"column":13},"end":{"line":1,"column":38}},"1":{"start":{"line":2,"column":13},"end":{"line":2,"column":38}},"2":{"start":{"line":3,"column":17},"end":{"line":3,"column":36}},"3":{"start":{"line":8,"column":19},"end":{"line":29,"column":1}},"4":{"start":{"line":10,"column":62},"end":{"line":10,"column":70}},"5":{"start":{"line":12,"column":4},"end":{"line":28,"column":5}},"6":{"start":{"line":14,"column":21},"end":{"line":21,"column":10}},"7":{"start":{"line":23,"column":28},"end":{"line":23,"column":45}},"8":{"start":{"line":24,"column":8},"end":{"line":24,"column":42}},"9":{"start":{"line":26,"column":8},"end":{"line":26,"column":37}},"10":{"start":{"line":27,"column":8},"end":{"line":27,"column":45}},"11":{"start":{"line":36,"column":17},"end":{"line":76,"column":1}},"12":{"start":{"line":37,"column":4},"end":{"line":75,"column":5}},"13":{"start":{"line":38,"column":65},"end":{"line":38,"column":74}},"14":{"start":{"line":39,"column":22},"end":{"line":39,"column":24}},"15":{"start":{"line":40,"column":8},"end":{"line":42,"column":9}},"16":{"start":{"line":41,"column":12},"end":{"line":41,"column":43}},"17":{"start":{"line":43,"column":8},"end":{"line":45,"column":9}},"18":{"start":{"line":44,"column":12},"end":{"line":44,"column":34}},"19":{"start":{"line":46,"column":8},"end":{"line":48,"column":9}},"20":{"start":{"line":47,"column":12},"end":{"line":47,"column":38}},"21":{"start":{"line":49,"column":28},"end":{"line":49,"column":30}},"22":{"start":{"line":50,"column":8},"end":{"line":56,"column":9}},"23":{"start":{"line":51,"column":30},"end":{"line":51,"column":77}},"24":{"start":{"line":52,"column":30},"end":{"line":52,"column":59}},"25":{"start":{"line":53,"column":12},"end":{"line":53,"column":47}},"26":{"start":{"line":55,"column":12},"end":{"line":55,"column":39}},"27":{"start":{"line":57,"column":24},"end":{"line":57,"column":38}},"28":{"start":{"line":58,"column":25},"end":{"line":58,"column":40}},"29":{"start":{"line":59,"column":21},"end":{"line":59,"column":45}},"30":{"start":{"line":60,"column":22},"end":{"line":64,"column":28}},"31":{"start":{"line":65,"column":27},"end":{"line":65,"column":59}},"32":{"start":{"line":66,"column":8},"end":{"line":71,"column":11}},"33":{"start":{"line":73,"column":8},"end":{"line":73,"column":37}},"34":{"start":{"line":74,"column":8},"end":{"line":74,"column":45}},"35":{"start":{"line":81,"column":20},"end":{"line":98,"column":1}},"36":{"start":{"line":82,"column":4},"end":{"line":97,"column":5}},"37":{"start":{"line":83,"column":8},"end":{"line":85,"column":9}},"38":{"start":{"line":84,"column":12},"end":{"line":84,"column":67}},"39":{"start":{"line":86,"column":21},"end":{"line":86,"column":87}},"40":{"start":{"line":87,"column":8},"end":{"line":89,"column":9}},"41":{"start":{"line":88,"column":12},"end":{"line":88,"column":67}},"42":{"start":{"line":90,"column":8},"end":{"line":92,"column":9}},"43":{"start":{"line":91,"column":12},"end":{"line":91,"column":72}},"44":{"start":{"line":93,"column":8},"end":{"line":93,"column":23}},"45":{"start":{"line":95,"column":8},"end":{"line":95,"column":37}},"46":{"start":{"line":96,"column":8},"end":{"line":96,"column":45}},"47":{"start":{"line":103,"column":19},"end":{"line":127,"column":1}},"48":{"start":{"line":104,"column":4},"end":{"line":126,"column":5}},"49":{"start":{"line":105,"column":8},"end":{"line":107,"column":9}},"50":{"start":{"line":106,"column":12},"end":{"line":106,"column":67}},"51":{"start":{"line":108,"column":19},"end":{"line":108,"column":53}},"52":{"start":{"line":109,"column":8},"end":{"line":111,"column":9}},"53":{"start":{"line":110,"column":12},"end":{"line":110,"column":67}},"54":{"start":{"line":112,"column":8},"end":{"line":114,"column":9}},"55":{"start":{"line":113,"column":12},"end":{"line":113,"column":72}},"56":{"start":{"line":115,"column":8},"end":{"line":117,"column":9}},"57":{"start":{"line":116,"column":12},"end":{"line":116,"column":66}},"58":{"start":{"line":116,"column":55},"end":{"line":116,"column":64}},"59":{"start":{"line":118,"column":28},"end":{"line":121,"column":42}},"60":{"start":{"line":122,"column":8},"end":{"line":122,"column":30}},"61":{"start":{"line":124,"column":8},"end":{"line":124,"column":37}},"62":{"start":{"line":125,"column":8},"end":{"line":125,"column":45}},"63":{"start":{"line":132,"column":19},"end":{"line":150,"column":1}},"64":{"start":{"line":133,"column":4},"end":{"line":149,"column":5}},"65":{"start":{"line":134,"column":8},"end":{"line":136,"column":9}},"66":{"start":{"line":135,"column":12},"end":{"line":135,"column":67}},"67":{"start":{"line":137,"column":21},"end":{"line":137,"column":55}},"68":{"start":{"line":138,"column":8},"end":{"line":140,"column":9}},"69":{"start":{"line":139,"column":12},"end":{"line":139,"column":67}},"70":{"start":{"line":141,"column":8},"end":{"line":143,"column":9}},"71":{"start":{"line":142,"column":12},"end":{"line":142,"column":72}},"72":{"start":{"line":144,"column":8},"end":{"line":144,"column":52}},"73":{"start":{"line":145,"column":8},"end":{"line":145,"column":42}},"74":{"start":{"line":147,"column":8},"end":{"line":147,"column":37}},"75":{"start":{"line":148,"column":8},"end":{"line":148,"column":45}},"76":{"start":{"line":153,"column":0},"end":{"line":159,"column":2}}},"fnMap":{"0":{"name":"(anonymous_0)","decl":{"start":{"line":8,"column":19},"end":{"line":8,"column":20}},"loc":{"start":{"line":8,"column":39},"end":{"line":29,"column":1}},"line":8},"1":{"name":"(anonymous_1)","decl":{"start":{"line":36,"column":17},"end":{"line":36,"column":18}},"loc":{"start":{"line":36,"column":37},"end":{"line":76,"column":1}},"line":36},"2":{"name":"(anonymous_2)","decl":{"start":{"line":81,"column":20},"end":{"line":81,"column":21}},"loc":{"start":{"line":81,"column":40},"end":{"line":98,"column":1}},"line":81},"3":{"name":"(anonymous_3)","decl":{"start":{"line":103,"column":19},"end":{"line":103,"column":20}},"loc":{"start":{"line":103,"column":39},"end":{"line":127,"column":1}},"line":103},"4":{"name":"(anonymous_4)","decl":{"start":{"line":116,"column":47},"end":{"line":116,"column":48}},"loc":{"start":{"line":116,"column":55},"end":{"line":116,"column":64}},"line":116},"5":{"name":"(anonymous_5)","decl":{"start":{"line":132,"column":19},"end":{"line":132,"column":20}},"loc":{"start":{"line":132,"column":39},"end":{"line":150,"column":1}},"line":132}},"branchMap":{"0":{"loc":{"start":{"line":38,"column":40},"end":{"line":38,"column":48}},"type":"default-arg","locations":[{"start":{"line":38,"column":47},"end":{"line":38,"column":48}}],"line":38},"1":{"loc":{"start":{"line":38,"column":50},"end":{"line":38,"column":60}},"type":"default-arg","locations":[{"start":{"line":38,"column":58},"end":{"line":38,"column":60}}],"line":38},"2":{"loc":{"start":{"line":40,"column":8},"end":{"line":42,"column":9}},"type":"if","locations":[{"start":{"line":40,"column":8},"end":{"line":42,"column":9}},{"start":{},"end":{}}],"line":40},"3":{"loc":{"start":{"line":43,"column":8},"end":{"line":45,"column":9}},"type":"if","locations":[{"start":{"line":43,"column":8},"end":{"line":45,"column":9}},{"start":{},"end":{}}],"line":43},"4":{"loc":{"start":{"line":46,"column":8},"end":{"line":48,"column":9}},"type":"if","locations":[{"start":{"line":46,"column":8},"end":{"line":48,"column":9}},{"start":{},"end":{}}],"line":46},"5":{"loc":{"start":{"line":50,"column":8},"end":{"line":56,"column":9}},"type":"if","locations":[{"start":{"line":50,"column":8},"end":{"line":56,"column":9}},{"start":{"line":54,"column":15},"end":{"line":56,"column":9}}],"line":50},"6":{"loc":{"start":{"line":51,"column":30},"end":{"line":51,"column":77}},"type":"cond-expr","locations":[{"start":{"line":51,"column":53},"end":{"line":51,"column":70}},{"start":{"line":51,"column":73},"end":{"line":51,"column":77}}],"line":51},"7":{"loc":{"start":{"line":52,"column":30},"end":{"line":52,"column":59}},"type":"cond-expr","locations":[{"start":{"line":52,"column":53},"end":{"line":52,"column":55}},{"start":{"line":52,"column":58},"end":{"line":52,"column":59}}],"line":52},"8":{"loc":{"start":{"line":83,"column":8},"end":{"line":85,"column":9}},"type":"if","locations":[{"start":{"line":83,"column":8},"end":{"line":85,"column":9}},{"start":{},"end":{}}],"line":83},"9":{"loc":{"start":{"line":87,"column":8},"end":{"line":89,"column":9}},"type":"if","locations":[{"start":{"line":87,"column":8},"end":{"line":89,"column":9}},{"start":{},"end":{}}],"line":87},"10":{"loc":{"start":{"line":90,"column":8},"end":{"line":92,"column":9}},"type":"if","locations":[{"start":{"line":90,"column":8},"end":{"line":92,"column":9}},{"start":{},"end":{}}],"line":90},"11":{"loc":{"start":{"line":90,"column":12},"end":{"line":90,"column":87}},"type":"binary-expr","locations":[{"start":{"line":90,"column":12},"end":{"line":90,"column":37}},{"start":{"line":90,"column":41},"end":{"line":90,"column":87}}],"line":90},"12":{"loc":{"start":{"line":105,"column":8},"end":{"line":107,"column":9}},"type":"if","locations":[{"start":{"line":105,"column":8},"end":{"line":107,"column":9}},{"start":{},"end":{}}],"line":105},"13":{"loc":{"start":{"line":109,"column":8},"end":{"line":111,"column":9}},"type":"if","locations":[{"start":{"line":109,"column":8},"end":{"line":111,"column":9}},{"start":{},"end":{}}],"line":109},"14":{"loc":{"start":{"line":112,"column":8},"end":{"line":114,"column":9}},"type":"if","locations":[{"start":{"line":112,"column":8},"end":{"line":114,"column":9}},{"start":{},"end":{}}],"line":112},"15":{"loc":{"start":{"line":112,"column":12},"end":{"line":112,"column":83}},"type":"binary-expr","locations":[{"start":{"line":112,"column":12},"end":{"line":112,"column":37}},{"start":{"line":112,"column":41},"end":{"line":112,"column":83}}],"line":112},"16":{"loc":{"start":{"line":115,"column":8},"end":{"line":117,"column":9}},"type":"if","locations":[{"start":{"line":115,"column":8},"end":{"line":117,"column":9}},{"start":{},"end":{}}],"line":115},"17":{"loc":{"start":{"line":115,"column":12},"end":{"line":115,"column":45}},"type":"binary-expr","locations":[{"start":{"line":115,"column":12},"end":{"line":115,"column":21}},{"start":{"line":115,"column":25},"end":{"line":115,"column":45}}],"line":115},"18":{"loc":{"start":{"line":134,"column":8},"end":{"line":136,"column":9}},"type":"if","locations":[{"start":{"line":134,"column":8},"end":{"line":136,"column":9}},{"start":{},"end":{}}],"line":134},"19":{"loc":{"start":{"line":138,"column":8},"end":{"line":140,"column":9}},"type":"if","locations":[{"start":{"line":138,"column":8},"end":{"line":140,"column":9}},{"start":{},"end":{}}],"line":138},"20":{"loc":{"start":{"line":141,"column":8},"end":{"line":143,"column":9}},"type":"if","locations":[{"start":{"line":141,"column":8},"end":{"line":143,"column":9}},{"start":{},"end":{}}],"line":141},"21":{"loc":{"start":{"line":141,"column":12},"end":{"line":141,"column":83}},"type":"binary-expr","locations":[{"start":{"line":141,"column":12},"end":{"line":141,"column":37}},{"start":{"line":141,"column":41},"end":{"line":141,"column":83}}],"line":141}},"s":{"0":1,"1":1,"2":1,"3":1,"4":1,"5":1,"6":1,"7":1,"8":1,"9":0,"10":0,"11":1,"12":1,"13":1,"14":1,"15":1,"16":1,"17":1,"18":0,"19":1,"20":0,"21":1,"22":1,"23":0,"24":0,"25":0,"26":1,"27":1,"28":1,"29":1,"30":1,"31":1,"32":1,"33":0,"34":0,"35":1,"36":2,"37":2,"38":0,"39":2,"40":2,"41":1,"42":1,"43":0,"44":1,"45":0,"46":0,"47":1,"48":1,"49":1,"50":0,"51":1,"52":1,"53":0,"54":1,"55":0,"56":1,"57":0,"58":0,"59":1,"60":1,"61":0,"62":0,"63":1,"64":1,"65":1,"66":0,"67":1,"68":1,"69":0,"70":1,"71":0,"72":1,"73":1,"74":0,"75":0,"76":1},"f":{"0":1,"1":1,"2":2,"3":1,"4":0,"5":1},"b":{"0":[1],"1":[1],"2":[1,0],"3":[0,1],"4":[0,1],"5":[0,1],"6":[0,0],"7":[0,0],"8":[0,2],"9":[1,1],"10":[0,1],"11":[1,1],"12":[0,1],"13":[0,1],"14":[0,1],"15":[1,1],"16":[0,1],"17":[1,0],"18":[0,1],"19":[0,1],"20":[0,1],"21":[1,1]},"_coverageSchema":"1a1c01bbd47fc00a2c39e90264f33305004495a9","hash":"539effb990f64665e6b76f3b54357da8e24f9b74"}
,"C:\\Users\\kshit\\Documents\\task-manager-app\\backend\\controllers\\userController.js": {"path":"C:\\Users\\kshit\\Documents\\task-manager-app\\backend\\controllers\\userController.js","statementMap":{"0":{"start":{"line":1,"column":13},"end":{"line":1,"column":38}},"1":{"start":{"line":6,"column":17},"end":{"line":14,"column":1}},"2":{"start":{"line":7,"column":4},"end":{"line":13,"column":5}},"3":{"start":{"line":8,"column":22},"end":{"line":8,"column":61}},"4":{"start":{"line":9,"column":8},"end":{"line":9,"column":24}},"5":{"start":{"line":11,"column":8},"end":{"line":11,"column":37}},"6":{"start":{"line":12,"column":8},"end":{"line":12,"column":45}},"7":{"start":{"line":19,"column":20},"end":{"line":30,"column":1}},"8":{"start":{"line":20,"column":4},"end":{"line":29,"column":5}},"9":{"start":{"line":21,"column":21},"end":{"line":21,"column":75}},"10":{"start":{"line":22,"column":8},"end":{"line":24,"column":9}},"11":{"start":{"line":23,"column":12},"end":{"line":23,"column":67}},"12":{"start":{"line":25,"column":8},"end":{"line":25,"column":23}},"13":{"start":{"line":27,"column":8},"end":{"line":27,"column":37}},"14":{"start":{"line":28,"column":8},"end":{"line":28,"column":45}},"15":{"start":{"line":35,"column":19},"end":{"line":52,"column":1}},"16":{"start":{"line":36,"column":4},"end":{"line":51,"column":5}},"17":{"start":{"line":37,"column":21},"end":{"line":37,"column":55}},"18":{"start":{"line":39,"column":8},"end":{"line":41,"column":9}},"19":{"start":{"line":40,"column":12},"end":{"line":40,"column":67}},"20":{"start":{"line":43,"column":8},"end":{"line":43,"column":50}},"21":{"start":{"line":44,"column":8},"end":{"line":44,"column":47}},"22":{"start":{"line":46,"column":28},"end":{"line":46,"column":45}},"23":{"start":{"line":47,"column":8},"end":{"line":47,"column":30}},"24":{"start":{"line":49,"column":8},"end":{"line":49,"column":37}},"25":{"start":{"line":50,"column":8},"end":{"line":50,"column":45}},"26":{"start":{"line":57,"column":19},"end":{"line":72,"column":1}},"27":{"start":{"line":58,"column":4},"end":{"line":71,"column":5}},"28":{"start":{"line":59,"column":21},"end":{"line":59,"column":55}},"29":{"start":{"line":61,"column":8},"end":{"line":63,"column":9}},"30":{"start":{"line":62,"column":12},"end":{"line":62,"column":67}},"31":{"start":{"line":65,"column":8},"end":{"line":65,"column":52}},"32":{"start":{"line":67,"column":8},"end":{"line":67,"column":42}},"33":{"start":{"line":69,"column":8},"end":{"line":69,"column":37}},"34":{"start":{"line":70,"column":8},"end":{"line":70,"column":45}},"35":{"start":{"line":75,"column":0},"end":{"line":80,"column":2}}},"fnMap":{"0":{"name":"(anonymous_0)","decl":{"start":{"line":6,"column":17},"end":{"line":6,"column":18}},"loc":{"start":{"line":6,"column":37},"end":{"line":14,"column":1}},"line":6},"1":{"name":"(anonymous_1)","decl":{"start":{"line":19,"column":20},"end":{"line":19,"column":21}},"loc":{"start":{"line":19,"column":40},"end":{"line":30,"column":1}},"line":19},"2":{"name":"(anonymous_2)","decl":{"start":{"line":35,"column":19},"end":{"line":35,"column":20}},"loc":{"start":{"line":35,"column":39},"end":{"line":52,"column":1}},"line":35},"3":{"name":"(anonymous_3)","decl":{"start":{"line":57,"column":19},"end":{"line":57,"column":20}},"loc":{"start":{"line":57,"column":39},"end":{"line":72,"column":1}},"line":57}},"branchMap":{"0":{"loc":{"start":{"line":22,"column":8},"end":{"line":24,"column":9}},"type":"if","locations":[{"start":{"line":22,"column":8},"end":{"line":24,"column":9}},{"start":{},"end":{}}],"line":22},"1":{"loc":{"start":{"line":39,"column":8},"end":{"line":41,"column":9}},"type":"if","locations":[{"start":{"line":39,"column":8},"end":{"line":41,"column":9}},{"start":{},"end":{}}],"line":39},"2":{"loc":{"start":{"line":43,"column":21},"end":{"line":43,"column":49}},"type":"binary-expr","locations":[{"start":{"line":43,"column":21},"end":{"line":43,"column":35}},{"start":{"line":43,"column":39},"end":{"line":43,"column":49}}],"line":43},"3":{"loc":{"start":{"line":44,"column":20},"end":{"line":44,"column":46}},"type":"binary-expr","locations":[{"start":{"line":44,"column":20},"end":{"line":44,"column":33}},{"start":{"line":44,"column":37},"end":{"line":44,"column":46}}],"line":44},"4":{"loc":{"start":{"line":61,"column":8},"end":{"line":63,"column":9}},"type":"if","locations":[{"start":{"line":61,"column":8},"end":{"line":63,"column":9}},{"start":{},"end":{}}],"line":61}},"s":{"0":1,"1":1,"2":1,"3":1,"4":1,"5":0,"6":0,"7":1,"8":1,"9":1,"10":1,"11":0,"12":1,"13":0,"14":0,"15":1,"16":0,"17":0,"18":0,"19":0,"20":0,"21":0,"22":0,"23":0,"24":0,"25":0,"26":1,"27":1,"28":1,"29":1,"30":0,"31":1,"32":1,"33":0,"34":0,"35":1},"f":{"0":1,"1":1,"2":0,"3":1},"b":{"0":[0,1],"1":[0,0],"2":[0,0],"3":[0,0],"4":[0,1]},"_coverageSchema":"1a1c01bbd47fc00a2c39e90264f33305004495a9","hash":"30659a03d1556282754fdeb3733b69d0cceba088"}
,"C:\\Users\\kshit\\Documents\\task-manager-app\\backend\\middleware\\authMiddleware.js": {"path":"C:\\Users\\kshit\\Documents\\task-manager-app\\backend\\middleware\\authMiddleware.js","statementMap":{"0":{"start":{"line":1,"column":12},"end":{"line":1,"column":35}},"1":{"start":{"line":2,"column":13},"end":{"line":2,"column":38}},"2":{"start":{"line":4,"column":16},"end":{"line":22,"column":1}},"3":{"start":{"line":7,"column":4},"end":{"line":17,"column":5}},"4":{"start":{"line":8,"column":8},"end":{"line":16,"column":9}},"5":{"start":{"line":9,"column":12},"end":{"line":9,"column":60}},"6":{"start":{"line":10,"column":28},"end":{"line":10,"column":69}},"7":{"start":{"line":11,"column":12},"end":{"line":11,"column":80}},"8":{"start":{"line":12,"column":12},"end":{"line":12,"column":19}},"9":{"start":{"line":14,"column":12},"end":{"line":14,"column":33}},"10":{"start":{"line":15,"column":12},"end":{"line":15,"column":74}},"11":{"start":{"line":19,"column":4},"end":{"line":21,"column":5}},"12":{"start":{"line":20,"column":8},"end":{"line":20,"column":66}},"13":{"start":{"line":24,"column":14},"end":{"line":30,"column":1}},"14":{"start":{"line":25,"column":4},"end":{"line":29,"column":5}},"15":{"start":{"line":26,"column":8},"end":{"line":26,"column":15}},"16":{"start":{"line":28,"column":8},"end":{"line":28,"column":68}},"17":{"start":{"line":32,"column":0},"end":{"line":32,"column":36}}},"fnMap":{"0":{"name":"(anonymous_0)","decl":{"start":{"line":4,"column":16},"end":{"line":4,"column":17}},"loc":{"start":{"line":4,"column":42},"end":{"line":22,"column":1}},"line":4},"1":{"name":"(anonymous_1)","decl":{"start":{"line":24,"column":14},"end":{"line":24,"column":15}},"loc":{"start":{"line":24,"column":34},"end":{"line":30,"column":1}},"line":24}},"branchMap":{"0":{"loc":{"start":{"line":7,"column":4},"end":{"line":17,"column":5}},"type":"if","locations":[{"start":{"line":7,"column":4},"end":{"line":17,"column":5}},{"start":{},"end":{}}],"line":7},"1":{"loc":{"start":{"line":7,"column":8},"end":{"line":7,"column":83}},"type":"binary-expr","locations":[{"start":{"line":7,"column":8},"end":{"line":7,"column":33}},{"start":{"line":7,"column":37},"end":{"line":7,"column":83}}],"line":7},"2":{"loc":{"start":{"line":19,"column":4},"end":{"line":21,"column":5}},"type":"if","locations":[{"start":{"line":19,"column":4},"end":{"line":21,"column":5}},{"start":{},"end":{}}],"line":19},"3":{"loc":{"start":{"line":25,"column":4},"end":{"line":29,"column":5}},"type":"if","locations":[{"start":{"line":25,"column":4},"end":{"line":29,"column":5}},{"start":{"line":27,"column":11},"end":{"line":29,"column":5}}],"line":25},"4":{"loc":{"start":{"line":25,"column":8},"end":{"line":25,"column":45}},"type":"binary-expr","locations":[{"start":{"line":25,"column":8},"end":{"line":25,"column":16}},{"start":{"line":25,"column":20},"end":{"line":25,"column":45}}],"line":25}},"s":{"0":2,"1":2,"2":2,"3":19,"4":19,"5":19,"6":19,"7":19,"8":19,"9":0,"10":0,"11":19,"12":0,"13":2,"14":7,"15":6,"16":1,"17":2},"f":{"0":19,"1":7},"b":{"0":[19,0],"1":[19,19],"2":[0,19],"3":[6,1],"4":[7,7]},"_coverageSchema":"1a1c01bbd47fc00a2c39e90264f33305004495a9","hash":"e8b179585748b13bef8685b4506d18f903cc53e6"}
,"C:\\Users\\kshit\\Documents\\task-manager-app\\backend\\middleware\\uploadMiddleware.js": {"path":"C:\\Users\\kshit\\Documents\\task-manager-app\\backend\\middleware\\uploadMiddleware.js","statementMap":{"0":{"start":{"line":1,"column":15},"end":{"line":1,"column":32}},"1":{"start":{"line":2,"column":13},"end":{"line":2,"column":28}},"2":{"start":{"line":3,"column":11},"end":{"line":3,"column":24}},"3":{"start":{"line":6,"column":18},"end":{"line":6,"column":52}},"4":{"start":{"line":9,"column":0},"end":{"line":11,"column":1}},"5":{"start":{"line":10,"column":4},"end":{"line":10,"column":49}},"6":{"start":{"line":14,"column":16},"end":{"line":23,"column":2}},"7":{"start":{"line":16,"column":8},"end":{"line":16,"column":28}},"8":{"start":{"line":20,"column":29},"end":{"line":20,"column":79}},"9":{"start":{"line":21,"column":8},"end":{"line":21,"column":88}},"10":{"start":{"line":26,"column":19},"end":{"line":32,"column":1}},"11":{"start":{"line":27,"column":4},"end":{"line":31,"column":5}},"12":{"start":{"line":28,"column":8},"end":{"line":28,"column":23}},"13":{"start":{"line":30,"column":8},"end":{"line":30,"column":48}},"14":{"start":{"line":34,"column":15},"end":{"line":41,"column":2}},"15":{"start":{"line":43,"column":0},"end":{"line":43,"column":24}}},"fnMap":{"0":{"name":"(anonymous_0)","decl":{"start":{"line":15,"column":17},"end":{"line":15,"column":18}},"loc":{"start":{"line":15,"column":42},"end":{"line":17,"column":5}},"line":15},"1":{"name":"(anonymous_1)","decl":{"start":{"line":18,"column":14},"end":{"line":18,"column":15}},"loc":{"start":{"line":18,"column":39},"end":{"line":22,"column":5}},"line":18},"2":{"name":"(anonymous_2)","decl":{"start":{"line":26,"column":19},"end":{"line":26,"column":20}},"loc":{"start":{"line":26,"column":38},"end":{"line":32,"column":1}},"line":26}},"branchMap":{"0":{"loc":{"start":{"line":9,"column":0},"end":{"line":11,"column":1}},"type":"if","locations":[{"start":{"line":9,"column":0},"end":{"line":11,"column":1}},{"start":{},"end":{}}],"line":9},"1":{"loc":{"start":{"line":27,"column":4},"end":{"line":31,"column":5}},"type":"if","locations":[{"start":{"line":27,"column":4},"end":{"line":31,"column":5}},{"start":{"line":29,"column":11},"end":{"line":31,"column":5}}],"line":27}},"s":{"0":1,"1":1,"2":1,"3":1,"4":1,"5":0,"6":1,"7":0,"8":0,"9":0,"10":1,"11":0,"12":0,"13":0,"14":1,"15":1},"f":{"0":0,"1":0,"2":0},"b":{"0":[0,1],"1":[0,0]},"_coverageSchema":"1a1c01bbd47fc00a2c39e90264f33305004495a9","hash":"3c43edf3673da2576d66217d34b425291eb60f7e"}
,"C:\\Users\\kshit\\Documents\\task-manager-app\\backend\\models\\Task.js": {"path":"C:\\Users\\kshit\\Documents\\task-manager-app\\backend\\models\\Task.js","statementMap":{"0":{"start":{"line":1,"column":17},"end":{"line":1,"column":36}},"1":{"start":{"line":2,"column":19},"end":{"line":2,"column":27}},"2":{"start":{"line":4,"column":19},"end":{"line":38,"column":2}},"3":{"start":{"line":40,"column":0},"end":{"line":40,"column":52}}},"fnMap":{},"branchMap":{},"s":{"0":1,"1":1,"2":1,"3":1},"f":{},"b":{},"_coverageSchema":"1a1c01bbd47fc00a2c39e90264f33305004495a9","hash":"76b1e0fa23e7266bd5bd4da8c9a6b5efe8adc89a"}
,"C:\\Users\\kshit\\Documents\\task-manager-app\\backend\\models\\User.js": {"path":"C:\\Users\\kshit\\Documents\\task-manager-app\\backend\\models\\User.js","statementMap":{"0":{"start":{"line":1,"column":17},"end":{"line":1,"column":36}},"1":{"start":{"line":2,"column":15},"end":{"line":2,"column":34}},"2":{"start":{"line":4,"column":19},"end":{"line":27,"column":2}},"3":{"start":{"line":30,"column":0},"end":{"line":37,"column":3}},"4":{"start":{"line":32,"column":4},"end":{"line":34,"column":5}},"5":{"start":{"line":33,"column":8},"end":{"line":33,"column":15}},"6":{"start":{"line":35,"column":17},"end":{"line":35,"column":41}},"7":{"start":{"line":36,"column":4},"end":{"line":36,"column":59}},"8":{"start":{"line":39,"column":0},"end":{"line":39,"column":52}}},"fnMap":{"0":{"name":"(anonymous_0)","decl":{"start":{"line":30,"column":23},"end":{"line":30,"column":24}},"loc":{"start":{"line":30,"column":44},"end":{"line":37,"column":1}},"line":30}},"branchMap":{"0":{"loc":{"start":{"line":32,"column":4},"end":{"line":34,"column":5}},"type":"if","locations":[{"start":{"line":32,"column":4},"end":{"line":34,"column":5}},{"start":{},"end":{}}],"line":32}},"s":{"0":3,"1":3,"2":3,"3":3,"4":9,"5":0,"6":9,"7":9,"8":3},"f":{"0":9},"b":{"0":[0,9]},"_coverageSchema":"1a1c01bbd47fc00a2c39e90264f33305004495a9","hash":"2f1aedef9b6ebd7066f6d59c193030098d89a493"}
,"C:\\Users\\kshit\\Documents\\task-manager-app\\backend\\routes\\authRoutes.js": {"path":"C:\\Users\\kshit\\Documents\\task-manager-app\\backend\\routes\\authRoutes.js","statementMap":{"0":{"start":{"line":1,"column":16},"end":{"line":1,"column":34}},"1":{"start":{"line":2,"column":15},"end":{"line":2,"column":31}},"2":{"start":{"line":3,"column":28},"end":{"line":3,"column":68}},"3":{"start":{"line":8,"column":0},"end":{"line":8,"column":35}},"4":{"start":{"line":13,"column":0},"end":{"line":13,"column":29}},"5":{"start":{"line":15,"column":0},"end":{"line":15,"column":24}}},"fnMap":{},"branchMap":{},"s":{"0":1,"1":1,"2":1,"3":1,"4":1,"5":1},"f":{},"b":{},"_coverageSchema":"1a1c01bbd47fc00a2c39e90264f33305004495a9","hash":"3a631b2b2864dd7c368a435a1891bbf7bc497f1e"}
,"C:\\Users\\kshit\\Documents\\task-manager-app\\backend\\routes\\taskRoutes.js": {"path":"C:\\Users\\kshit\\Documents\\task-manager-app\\backend\\routes\\taskRoutes.js","statementMap":{"0":{"start":{"line":1,"column":16},"end":{"line":1,"column":34}},"1":{"start":{"line":2,"column":15},"end":{"line":2,"column":31}},"2":{"start":{"line":9,"column":4},"end":{"line":9,"column":44}},"3":{"start":{"line":10,"column":20},"end":{"line":10,"column":59}},"4":{"start":{"line":11,"column":15},"end":{"line":11,"column":56}},"5":{"start":{"line":14,"column":0},"end":{"line":16,"column":28}},"6":{"start":{"line":19,"column":0},"end":{"line":22,"column":33}},"7":{"start":{"line":24,"column":0},"end":{"line":24,"column":24}}},"fnMap":{},"branchMap":{},"s":{"0":1,"1":1,"2":1,"3":1,"4":1,"5":1,"6":1,"7":1},"f":{},"b":{},"_coverageSchema":"1a1c01bbd47fc00a2c39e90264f33305004495a9","hash":"1c2c518042982e95a173b09ccc4ef3ba153845f6"}
,"C:\\Users\\kshit\\Documents\\task-manager-app\\backend\\routes\\userRoutes.js": {"path":"C:\\Users\\kshit\\Documents\\task-manager-app\\backend\\routes\\userRoutes.js","statementMap":{"0":{"start":{"line":1,"column":16},"end":{"line":1,"column":34}},"1":{"start":{"line":2,"column":15},"end":{"line":2,"column":31}},"2":{"start":{"line":8,"column":4},"end":{"line":8,"column":44}},"3":{"start":{"line":9,"column":27},"end":{"line":9,"column":66}},"4":{"start":{"line":12,"column":0},"end":{"line":12,"column":20}},"5":{"start":{"line":13,"column":0},"end":{"line":13,"column":18}},"6":{"start":{"line":16,"column":0},"end":{"line":16,"column":32}},"7":{"start":{"line":18,"column":0},"end":{"line":21,"column":24}},"8":{"start":{"line":23,"column":0},"end":{"line":23,"column":24}}},"fnMap":{},"branchMap":{},"s":{"0":1,"1":1,"2":1,"3":1,"4":1,"5":1,"6":1,"7":1,"8":1},"f":{},"b":{},"_coverageSchema":"1a1c01bbd47fc00a2c39e90264f33305004495a9","hash":"a115c336ca7268723fd9969e35dd1211c72afd22"}
}
