TN:
SF:controllers\authController.js
FN:8,(anonymous_0)
FN:36,(anonymous_1)
FN:50,(anonymous_2)
FN:78,(anonymous_3)
FNF:4
FNH:4
FNDA:5,(anonymous_0)
FNDA:4,(anonymous_1)
FNDA:3,(anonymous_2)
FNDA:1,(anonymous_3)
DA:1,1
DA:2,1
DA:3,1
DA:8,1
DA:9,5
DA:11,5
DA:12,5
DA:13,5
DA:14,1
DA:17,4
DA:23,4
DA:25,4
DA:32,4
DA:37,4
DA:38,4
DA:42,0
DA:43,0
DA:50,1
DA:51,3
DA:53,3
DA:55,3
DA:56,3
DA:57,1
DA:61,2
DA:62,2
DA:63,1
DA:67,1
DA:74,1
DA:79,1
DA:80,1
DA:84,0
DA:85,0
DA:89,1
LF:33
LH:29
BRDA:13,0,0,1
BRDA:13,0,1,4
BRDA:37,1,0,0
BRDA:37,1,1,4
BRDA:56,2,0,1
BRDA:56,2,1,2
BRDA:62,3,0,1
BRDA:62,3,1,1
BRDA:79,4,0,0
BRDA:79,4,1,1
BRF:10
BRH:8
end_of_record
TN:
SF:controllers\taskController.js
FN:8,(anonymous_0)
FN:36,(anonymous_1)
FN:81,(anonymous_2)
FN:103,(anonymous_3)
FN:116,(anonymous_4)
FN:132,(anonymous_5)
FNF:6
FNH:5
FNDA:1,(anonymous_0)
FNDA:1,(anonymous_1)
FNDA:2,(anonymous_2)
FNDA:1,(anonymous_3)
FNDA:0,(anonymous_4)
FNDA:1,(anonymous_5)
DA:1,1
DA:2,1
DA:3,1
DA:8,1
DA:10,1
DA:12,1
DA:14,1
DA:23,1
DA:24,1
DA:26,0
DA:27,0
DA:36,1
DA:37,1
DA:38,1
DA:39,1
DA:40,1
DA:41,1
DA:43,1
DA:44,0
DA:46,1
DA:47,0
DA:49,1
DA:50,1
DA:51,0
DA:52,0
DA:53,0
DA:55,1
DA:57,1
DA:58,1
DA:59,1
DA:60,1
DA:65,1
DA:66,1
DA:73,0
DA:74,0
DA:81,1
DA:82,2
DA:83,2
DA:84,0
DA:86,2
DA:87,2
DA:88,1
DA:90,1
DA:91,0
DA:93,1
DA:95,0
DA:96,0
DA:103,1
DA:104,1
DA:105,1
DA:106,0
DA:108,1
DA:109,1
DA:110,0
DA:112,1
DA:113,0
DA:115,1
DA:116,0
DA:118,1
DA:122,1
DA:124,0
DA:125,0
DA:132,1
DA:133,1
DA:134,1
DA:135,0
DA:137,1
DA:138,1
DA:139,0
DA:141,1
DA:142,0
DA:144,1
DA:145,1
DA:147,0
DA:148,0
DA:153,1
LF:76
LH:52
BRDA:38,0,0,1
BRDA:38,1,0,1
BRDA:40,2,0,1
BRDA:40,2,1,0
BRDA:43,3,0,0
BRDA:43,3,1,1
BRDA:46,4,0,0
BRDA:46,4,1,1
BRDA:50,5,0,0
BRDA:50,5,1,1
BRDA:51,6,0,0
BRDA:51,6,1,0
BRDA:52,7,0,0
BRDA:52,7,1,0
BRDA:83,8,0,0
BRDA:83,8,1,2
BRDA:87,9,0,1
BRDA:87,9,1,1
BRDA:90,10,0,0
BRDA:90,10,1,1
BRDA:90,11,0,1
BRDA:90,11,1,1
BRDA:105,12,0,0
BRDA:105,12,1,1
BRDA:109,13,0,0
BRDA:109,13,1,1
BRDA:112,14,0,0
BRDA:112,14,1,1
BRDA:112,15,0,1
BRDA:112,15,1,1
BRDA:115,16,0,0
BRDA:115,16,1,1
BRDA:115,17,0,1
BRDA:115,17,1,0
BRDA:134,18,0,0
BRDA:134,18,1,1
BRDA:138,19,0,0
BRDA:138,19,1,1
BRDA:141,20,0,0
BRDA:141,20,1,1
BRDA:141,21,0,1
BRDA:141,21,1,1
BRF:42
BRH:24
end_of_record
TN:
SF:controllers\userController.js
FN:6,(anonymous_0)
FN:19,(anonymous_1)
FN:35,(anonymous_2)
FN:57,(anonymous_3)
FNF:4
FNH:3
FNDA:1,(anonymous_0)
FNDA:1,(anonymous_1)
FNDA:0,(anonymous_2)
FNDA:1,(anonymous_3)
DA:1,1
DA:6,1
DA:7,1
DA:8,1
DA:9,1
DA:11,0
DA:12,0
DA:19,1
DA:20,1
DA:21,1
DA:22,1
DA:23,0
DA:25,1
DA:27,0
DA:28,0
DA:35,1
DA:36,0
DA:37,0
DA:39,0
DA:40,0
DA:43,0
DA:44,0
DA:46,0
DA:47,0
DA:49,0
DA:50,0
DA:57,1
DA:58,1
DA:59,1
DA:61,1
DA:62,0
DA:65,1
DA:67,1
DA:69,0
DA:70,0
DA:75,1
LF:36
LH:18
BRDA:22,0,0,0
BRDA:22,0,1,1
BRDA:39,1,0,0
BRDA:39,1,1,0
BRDA:43,2,0,0
BRDA:43,2,1,0
BRDA:44,3,0,0
BRDA:44,3,1,0
BRDA:61,4,0,0
BRDA:61,4,1,1
BRF:10
BRH:2
end_of_record
TN:
SF:middleware\authMiddleware.js
FN:4,(anonymous_0)
FN:24,(anonymous_1)
FNF:2
FNH:2
FNDA:19,(anonymous_0)
FNDA:7,(anonymous_1)
DA:1,2
DA:2,2
DA:4,2
DA:7,19
DA:8,19
DA:9,19
DA:10,19
DA:11,19
DA:12,19
DA:14,0
DA:15,0
DA:19,19
DA:20,0
DA:24,2
DA:25,7
DA:26,6
DA:28,1
DA:32,2
LF:18
LH:15
BRDA:7,0,0,19
BRDA:7,0,1,0
BRDA:7,1,0,19
BRDA:7,1,1,19
BRDA:19,2,0,0
BRDA:19,2,1,19
BRDA:25,3,0,6
BRDA:25,3,1,1
BRDA:25,4,0,7
BRDA:25,4,1,7
BRF:10
BRH:8
end_of_record
TN:
SF:middleware\uploadMiddleware.js
FN:15,(anonymous_0)
FN:18,(anonymous_1)
FN:26,(anonymous_2)
FNF:3
FNH:0
FNDA:0,(anonymous_0)
FNDA:0,(anonymous_1)
FNDA:0,(anonymous_2)
DA:1,1
DA:2,1
DA:3,1
DA:6,1
DA:9,1
DA:10,0
DA:14,1
DA:16,0
DA:20,0
DA:21,0
DA:26,1
DA:27,0
DA:28,0
DA:30,0
DA:34,1
DA:43,1
LF:16
LH:9
BRDA:9,0,0,0
BRDA:9,0,1,1
BRDA:27,1,0,0
BRDA:27,1,1,0
BRF:4
BRH:1
end_of_record
TN:
SF:models\Task.js
FNF:0
FNH:0
DA:1,1
DA:2,1
DA:4,1
DA:40,1
LF:4
LH:4
BRF:0
BRH:0
end_of_record
TN:
SF:models\User.js
FN:30,(anonymous_0)
FNF:1
FNH:1
FNDA:9,(anonymous_0)
DA:1,3
DA:2,3
DA:4,3
DA:30,3
DA:32,9
DA:33,0
DA:35,9
DA:36,9
DA:39,3
LF:9
LH:8
BRDA:32,0,0,0
BRDA:32,0,1,9
BRF:2
BRH:1
end_of_record
TN:
SF:routes\authRoutes.js
FNF:0
FNH:0
DA:1,1
DA:2,1
DA:3,1
DA:8,1
DA:13,1
DA:15,1
LF:6
LH:6
BRF:0
BRH:0
end_of_record
TN:
SF:routes\taskRoutes.js
FNF:0
FNH:0
DA:1,1
DA:2,1
DA:9,1
DA:10,1
DA:11,1
DA:14,1
DA:19,1
DA:24,1
LF:8
LH:8
BRF:0
BRH:0
end_of_record
TN:
SF:routes\userRoutes.js
FNF:0
FNH:0
DA:1,1
DA:2,1
DA:8,1
DA:9,1
DA:12,1
DA:13,1
DA:16,1
DA:18,1
DA:23,1
LF:9
LH:9
BRF:0
BRH:0
end_of_record
